[debug] [2026-01-25T19:44:43.637Z] ----------------------------------------------------------------------
[debug] [2026-01-25T19:44:43.639Z] Command:       C:\Program Files\nodejs\node.exe C:\Users\thesa\AppData\Roaming\npm\node_modules\firebase-tools\lib\bin\firebase.js deploy --only functions
[debug] [2026-01-25T19:44:43.639Z] CLI Version:   15.4.0
[debug] [2026-01-25T19:44:43.639Z] Platform:      win32
[debug] [2026-01-25T19:44:43.639Z] Node Version:  v22.18.0
[debug] [2026-01-25T19:44:43.639Z] Time:          Sun Jan 25 2026 19:44:43 GMT+0000 (Greenwich Mean Time)
[debug] [2026-01-25T19:44:43.639Z] ----------------------------------------------------------------------
[debug] 
[debug] [2026-01-25T19:44:45.734Z] > command requires scopes: ["email","openid","https://www.googleapis.com/auth/cloudplatformprojects.readonly","https://www.googleapis.com/auth/firebase","https://www.googleapis.com/auth/cloud-platform"]
[debug] [2026-01-25T19:44:45.734Z] > authorizing via signed-in user (thesammyhubble@gmail.com)
[debug] [2026-01-25T19:44:45.734Z] [iam] checking project sammy-7298f for permissions ["cloudfunctions.functions.create","cloudfunctions.functions.delete","cloudfunctions.functions.get","cloudfunctions.functions.list","cloudfunctions.functions.update","cloudfunctions.operations.get","firebase.projects.get"]
[debug] [2026-01-25T19:44:45.735Z] Checked if tokens are valid: false, expires at: 1769365933507
[debug] [2026-01-25T19:44:45.735Z] Checked if tokens are valid: false, expires at: 1769365933507
[debug] [2026-01-25T19:44:45.736Z] > refreshing access token with scopes: []
[debug] [2026-01-25T19:44:45.737Z] >>> [apiv2][query] POST https://www.googleapis.com/oauth2/v3/token [none]
[debug] [2026-01-25T19:44:45.737Z] >>> [apiv2][body] POST https://www.googleapis.com/oauth2/v3/token [omitted]
[debug] [2026-01-25T19:44:45.874Z] <<< [apiv2][status] POST https://www.googleapis.com/oauth2/v3/token 200
[debug] [2026-01-25T19:44:45.874Z] <<< [apiv2][body] POST https://www.googleapis.com/oauth2/v3/token [omitted]
[debug] [2026-01-25T19:44:45.881Z] >>> [apiv2][query] POST https://cloudresourcemanager.googleapis.com/v1/projects/sammy-7298f:testIamPermissions [none]
[debug] [2026-01-25T19:44:45.881Z] >>> [apiv2][(partial)header] POST https://cloudresourcemanager.googleapis.com/v1/projects/sammy-7298f:testIamPermissions x-goog-quota-user=projects/sammy-7298f
[debug] [2026-01-25T19:44:45.882Z] >>> [apiv2][body] POST https://cloudresourcemanager.googleapis.com/v1/projects/sammy-7298f:testIamPermissions {"permissions":["cloudfunctions.functions.create","cloudfunctions.functions.delete","cloudfunctions.functions.get","cloudfunctions.functions.list","cloudfunctions.functions.update","cloudfunctions.operations.get","firebase.projects.get"]}
[debug] [2026-01-25T19:44:46.495Z] <<< [apiv2][status] POST https://cloudresourcemanager.googleapis.com/v1/projects/sammy-7298f:testIamPermissions 200
[debug] [2026-01-25T19:44:46.495Z] <<< [apiv2][body] POST https://cloudresourcemanager.googleapis.com/v1/projects/sammy-7298f:testIamPermissions {"permissions":["cloudfunctions.functions.create","cloudfunctions.functions.delete","cloudfunctions.functions.get","cloudfunctions.functions.list","cloudfunctions.functions.update","cloudfunctions.operations.get","firebase.projects.get"]}
[debug] [2026-01-25T19:44:46.496Z] Checked if tokens are valid: true, expires at: 1769373884874
[debug] [2026-01-25T19:44:46.496Z] Checked if tokens are valid: true, expires at: 1769373884874
[debug] [2026-01-25T19:44:46.496Z] >>> [apiv2][query] POST https://iam.googleapis.com/v1/projects/sammy-7298f/serviceAccounts/sammy-7298f@appspot.gserviceaccount.com:testIamPermissions [none]
[debug] [2026-01-25T19:44:46.496Z] >>> [apiv2][body] POST https://iam.googleapis.com/v1/projects/sammy-7298f/serviceAccounts/sammy-7298f@appspot.gserviceaccount.com:testIamPermissions {"permissions":["iam.serviceAccounts.actAs"]}
[debug] [2026-01-25T19:44:47.112Z] <<< [apiv2][status] POST https://iam.googleapis.com/v1/projects/sammy-7298f/serviceAccounts/sammy-7298f@appspot.gserviceaccount.com:testIamPermissions 200
[debug] [2026-01-25T19:44:47.112Z] <<< [apiv2][body] POST https://iam.googleapis.com/v1/projects/sammy-7298f/serviceAccounts/sammy-7298f@appspot.gserviceaccount.com:testIamPermissions {"permissions":["iam.serviceAccounts.actAs"]}
[info] 
[info] === Deploying to 'sammy-7298f'...
[info] 
[info] i  deploying functions 
[debug] [2026-01-25T19:44:47.115Z] Checked if tokens are valid: true, expires at: 1769373884874
[debug] [2026-01-25T19:44:47.115Z] Checked if tokens are valid: true, expires at: 1769373884874
[debug] [2026-01-25T19:44:47.115Z] >>> [apiv2][query] GET https://cloudresourcemanager.googleapis.com/v1/projects/sammy-7298f [none]
[debug] [2026-01-25T19:44:47.292Z] <<< [apiv2][status] GET https://cloudresourcemanager.googleapis.com/v1/projects/sammy-7298f 200
[debug] [2026-01-25T19:44:47.292Z] <<< [apiv2][body] GET https://cloudresourcemanager.googleapis.com/v1/projects/sammy-7298f {"projectNumber":"963185683535","projectId":"sammy-7298f","lifecycleState":"ACTIVE","name":"Lifeblogging Database","labels":{"firebase":"enabled","firebase-core":"disabled"},"createTime":"2025-08-03T00:53:29.136216Z"}
[info] i  functions: preparing codebase default for deployment 
[info] i  functions: ensuring required API cloudfunctions.googleapis.com is enabled... 
[info] i  functions: ensuring required API cloudbuild.googleapis.com is enabled... 
[info] i  artifactregistry: ensuring required API artifactregistry.googleapis.com is enabled... 
[debug] [2026-01-25T19:44:47.294Z] Checked if tokens are valid: true, expires at: 1769373884874
[debug] [2026-01-25T19:44:47.294Z] Checked if tokens are valid: true, expires at: 1769373884874
[debug] [2026-01-25T19:44:47.295Z] >>> [apiv2][query] GET https://firebase.googleapis.com/v1beta1/projects/sammy-7298f/adminSdkConfig [none]
[debug] [2026-01-25T19:44:47.853Z] <<< [apiv2][status] GET https://firebase.googleapis.com/v1beta1/projects/sammy-7298f/adminSdkConfig 200
[debug] [2026-01-25T19:44:47.853Z] <<< [apiv2][body] GET https://firebase.googleapis.com/v1beta1/projects/sammy-7298f/adminSdkConfig {"projectId":"sammy-7298f","storageBucket":"sammy-7298f.firebasestorage.app"}
[debug] [2026-01-25T19:44:47.853Z] Checked if tokens are valid: true, expires at: 1769373884874
[debug] [2026-01-25T19:44:47.853Z] Checked if tokens are valid: true, expires at: 1769373884874
[debug] [2026-01-25T19:44:47.853Z] >>> [apiv2][query] GET https://runtimeconfig.googleapis.com/v1beta1/projects/sammy-7298f/configs [none]
[debug] [2026-01-25T19:44:48.118Z] <<< [apiv2][status] GET https://runtimeconfig.googleapis.com/v1beta1/projects/sammy-7298f/configs 200
[debug] [2026-01-25T19:44:48.118Z] <<< [apiv2][body] GET https://runtimeconfig.googleapis.com/v1beta1/projects/sammy-7298f/configs {"configs":[{"name":"projects/sammy-7298f/configs/podcastindex"}]}
[debug] [2026-01-25T19:44:48.119Z] Checked if tokens are valid: true, expires at: 1769373884874
[debug] [2026-01-25T19:44:48.119Z] Checked if tokens are valid: true, expires at: 1769373884874
[debug] [2026-01-25T19:44:48.119Z] >>> [apiv2][query] GET https://runtimeconfig.googleapis.com/v1beta1/projects/sammy-7298f/configs/podcastindex/variables [none]
[debug] [2026-01-25T19:44:48.298Z] <<< [apiv2][status] GET https://runtimeconfig.googleapis.com/v1beta1/projects/sammy-7298f/configs/podcastindex/variables 200
[debug] [2026-01-25T19:44:48.298Z] <<< [apiv2][body] GET https://runtimeconfig.googleapis.com/v1beta1/projects/sammy-7298f/configs/podcastindex/variables {"variables":[{"name":"projects/sammy-7298f/configs/podcastindex/variables/key","updateTime":"2025-08-25T10:55:46.375199762Z"},{"name":"projects/sammy-7298f/configs/podcastindex/variables/secret","updateTime":"2025-08-25T11:21:31.566371790Z"}]}
[debug] [2026-01-25T19:44:48.299Z] Checked if tokens are valid: true, expires at: 1769373884874
[debug] [2026-01-25T19:44:48.299Z] Checked if tokens are valid: true, expires at: 1769373884874
[debug] [2026-01-25T19:44:48.299Z] Checked if tokens are valid: true, expires at: 1769373884874
[debug] [2026-01-25T19:44:48.299Z] Checked if tokens are valid: true, expires at: 1769373884874
[debug] [2026-01-25T19:44:48.299Z] >>> [apiv2][query] GET https://runtimeconfig.googleapis.com/v1beta1/projects/sammy-7298f/configs/podcastindex/variables/key [none]
[debug] [2026-01-25T19:44:48.299Z] >>> [apiv2][query] GET https://runtimeconfig.googleapis.com/v1beta1/projects/sammy-7298f/configs/podcastindex/variables/secret [none]
[debug] [2026-01-25T19:44:48.481Z] <<< [apiv2][status] GET https://runtimeconfig.googleapis.com/v1beta1/projects/sammy-7298f/configs/podcastindex/variables/key 200
[debug] [2026-01-25T19:44:48.481Z] <<< [apiv2][body] GET https://runtimeconfig.googleapis.com/v1beta1/projects/sammy-7298f/configs/podcastindex/variables/key {"name":"projects/sammy-7298f/configs/podcastindex/variables/key","updateTime":"2025-08-25T10:55:46.375199762Z","text":"J9NZF8ZDSUXPYJYPSKU8"}
[debug] [2026-01-25T19:44:48.520Z] <<< [apiv2][status] GET https://runtimeconfig.googleapis.com/v1beta1/projects/sammy-7298f/configs/podcastindex/variables/secret 200
[debug] [2026-01-25T19:44:48.520Z] <<< [apiv2][body] GET https://runtimeconfig.googleapis.com/v1beta1/projects/sammy-7298f/configs/podcastindex/variables/secret {"name":"projects/sammy-7298f/configs/podcastindex/variables/secret","updateTime":"2025-08-25T11:21:31.566371790Z","text":"egjqJRxREJCMebXvD6$NWhtSyVZfKPJ7K8zw3N2F"}
[debug] [2026-01-25T19:44:48.585Z] Validating nodejs source
[warn] !  functions: Couldn't find firebase-functions package in your source code. Have you run 'npm install'? 
[debug] [2026-01-25T19:44:48.653Z] getFunctionsSDKVersion encountered error: Cannot find module 'firebase-functions'
Require stack:
- C:\Users\thesa\AppData\Roaming\npm\node_modules\firebase-tools\lib\deploy\functions\runtimes\node\versioning.js
- C:\Users\thesa\AppData\Roaming\npm\node_modules\firebase-tools\lib\deploy\functions\runtimes\node\index.js
- C:\Users\thesa\AppData\Roaming\npm\node_modules\firebase-tools\lib\deploy\functions\runtimes\index.js
- C:\Users\thesa\AppData\Roaming\npm\node_modules\firebase-tools\lib\deploy\functions\prepare.js
- C:\Users\thesa\AppData\Roaming\npm\node_modules\firebase-tools\lib\emulator\functionsEmulatorShared.js
- C:\Users\thesa\AppData\Roaming\npm\node_modules\firebase-tools\lib\frameworks\index.js
- C:\Users\thesa\AppData\Roaming\npm\node_modules\firebase-tools\lib\deploy\hosting\prepare.js
- C:\Users\thesa\AppData\Roaming\npm\node_modules\firebase-tools\lib\deploy\hosting\index.js
- C:\Users\thesa\AppData\Roaming\npm\node_modules\firebase-tools\lib\deploy\index.js
- C:\Users\thesa\AppData\Roaming\npm\node_modules\firebase-tools\lib\commands\deploy.js
- C:\Users\thesa\AppData\Roaming\npm\node_modules\firebase-tools\lib\commands\index.js
- C:\Users\thesa\AppData\Roaming\npm\node_modules\firebase-tools\lib\index.js
- C:\Users\thesa\AppData\Roaming\npm\node_modules\firebase-tools\lib\bin\cli.js
- C:\Users\thesa\AppData\Roaming\npm\node_modules\firebase-tools\lib\bin\firebase.js {"code":"MODULE_NOT_FOUND","requireStack":["C:\\Users\\thesa\\AppData\\Roaming\\npm\\node_modules\\firebase-tools\\lib\\deploy\\functions\\runtimes\\node\\versioning.js","C:\\Users\\thesa\\AppData\\Roaming\\npm\\node_modules\\firebase-tools\\lib\\deploy\\functions\\runtimes\\node\\index.js","C:\\Users\\thesa\\AppData\\Roaming\\npm\\node_modules\\firebase-tools\\lib\\deploy\\functions\\runtimes\\index.js","C:\\Users\\thesa\\AppData\\Roaming\\npm\\node_modules\\firebase-tools\\lib\\deploy\\functions\\prepare.js","C:\\Users\\thesa\\AppData\\Roaming\\npm\\node_modules\\firebase-tools\\lib\\emulator\\functionsEmulatorShared.js","C:\\Users\\thesa\\AppData\\Roaming\\npm\\node_modules\\firebase-tools\\lib\\frameworks\\index.js","C:\\Users\\thesa\\AppData\\Roaming\\npm\\node_modules\\firebase-tools\\lib\\deploy\\hosting\\prepare.js","C:\\Users\\thesa\\AppData\\Roaming\\npm\\node_modules\\firebase-tools\\lib\\deploy\\hosting\\index.js","C:\\Users\\thesa\\AppData\\Roaming\\npm\\node_modules\\firebase-tools\\lib\\deploy\\index.js","C:\\Users\\thesa\\AppData\\Roaming\\npm\\node_modules\\firebase-tools\\lib\\commands\\deploy.js","C:\\Users\\thesa\\AppData\\Roaming\\npm\\node_modules\\firebase-tools\\lib\\commands\\index.js","C:\\Users\\thesa\\AppData\\Roaming\\npm\\node_modules\\firebase-tools\\lib\\index.js","C:\\Users\\thesa\\AppData\\Roaming\\npm\\node_modules\\firebase-tools\\lib\\bin\\cli.js","C:\\Users\\thesa\\AppData\\Roaming\\npm\\node_modules\\firebase-tools\\lib\\bin\\firebase.js"]}
[debug] [2026-01-25T19:44:48.654Z] checkFunctionsSDKVersion encountered error: Invalid Version:  {}
[debug] [2026-01-25T19:44:48.727Z] > [functions] package.json contents: {
  "name": "functions",
  "description": "Cloud Functions for Firebase",
  "scripts": {
    "serve": "firebase emulators:start --only functions",
    "shell": "firebase functions:shell",
    "start": "npm run shell",
    "deploy": "firebase deploy --only functions",
    "logs": "firebase functions:log"
  },
  "engines": {
    "node": "22"
  },
  "main": "index.js",
  "dependencies": {
    "firebase-admin": "^12.6.0",
    "firebase-functions": "^6.0.1"
  },
  "devDependencies": {
    "firebase-functions-test": "^3.1.0"
  },
  "private": true
}
[debug] [2026-01-25T19:44:48.743Z] Building nodejs source
[info] i  functions: Loading and analyzing source code for codebase default to determine what to deploy 
[debug] [2026-01-25T19:44:48.744Z] Could not parse firebase-functions version '' into semver.
[debug] [2026-01-25T19:44:48.748Z] Could not find functions.yaml. Must use http discovery
[debug] [2026-01-25T19:44:48.837Z] Error: Cannot find module 'firebase-functions'
Require stack:
- C:\Users\thesa\AppData\Roaming\npm\node_modules\firebase-tools\lib\deploy\functions\runtimes\node\index.js
- C:\Users\thesa\AppData\Roaming\npm\node_modules\firebase-tools\lib\deploy\functions\runtimes\index.js
- C:\Users\thesa\AppData\Roaming\npm\node_modules\firebase-tools\lib\deploy\functions\prepare.js
- C:\Users\thesa\AppData\Roaming\npm\node_modules\firebase-tools\lib\emulator\functionsEmulatorShared.js
- C:\Users\thesa\AppData\Roaming\npm\node_modules\firebase-tools\lib\frameworks\index.js
- C:\Users\thesa\AppData\Roaming\npm\node_modules\firebase-tools\lib\deploy\hosting\prepare.js
- C:\Users\thesa\AppData\Roaming\npm\node_modules\firebase-tools\lib\deploy\hosting\index.js
- C:\Users\thesa\AppData\Roaming\npm\node_modules\firebase-tools\lib\deploy\index.js
- C:\Users\thesa\AppData\Roaming\npm\node_modules\firebase-tools\lib\commands\deploy.js
- C:\Users\thesa\AppData\Roaming\npm\node_modules\firebase-tools\lib\commands\index.js
- C:\Users\thesa\AppData\Roaming\npm\node_modules\firebase-tools\lib\index.js
- C:\Users\thesa\AppData\Roaming\npm\node_modules\firebase-tools\lib\bin\cli.js
- C:\Users\thesa\AppData\Roaming\npm\node_modules\firebase-tools\lib\bin\firebase.js
    at Function._resolveFilename (node:internal/modules/cjs/loader:1365:15)
    at Function.resolve (node:internal/modules/helpers:145:19)
    at Delegate.findFunctionsBinary (C:\Users\thesa\AppData\Roaming\npm\node_modules\firebase-tools\lib\deploy\functions\runtimes\node\index.js:101:33)
    at Delegate.spawnFunctionsProcess (C:\Users\thesa\AppData\Roaming\npm\node_modules\firebase-tools\lib\deploy\functions\runtimes\node\index.js:131:30)
    at Delegate.serveAdmin (C:\Users\thesa\AppData\Roaming\npm\node_modules\firebase-tools\lib\deploy\functions\runtimes\node\index.js:152:35)
    at Delegate.discoverBuild (C:\Users\thesa\AppData\Roaming\npm\node_modules\firebase-tools\lib\deploy\functions\runtimes\node\index.js:192:41)
    at process.processTicksAndRejections (node:internal/process/task_queues:105:5)
    at async loadCodebases (C:\Users\thesa\AppData\Roaming\npm\node_modules\firebase-tools\lib\deploy\functions\prepare.js:330:33)
    at async prepare (C:\Users\thesa\AppData\Roaming\npm\node_modules\firebase-tools\lib\deploy\functions\prepare.js:69:24)
    at async chain (C:\Users\thesa\AppData\Roaming\npm\node_modules\firebase-tools\lib\deploy\index.js:43:9)
[error] 
[error] Error: An unexpected error has occurred.
